<?xml version="1.0" encoding="UTF-8"?>
<testsuite xmlns:xsi="http://www.w3.org/2001/XMLSchema-instance" xsi:schemaLocation="https://maven.apache.org/surefire/maven-surefire-plugin/xsd/surefire-test-report.xsd" name="TestSuite" time="23.822" tests="20" errors="0" skipped="0" failures="0">
  <properties>
    <property name="java.runtime.name" value="Java(TM) SE Runtime Environment"/>
    <property name="java.vm.version" value="14.0.2+12-46"/>
    <property name="sun.boot.library.path" value="C:\Program Files\Java\jdk-14.0.2\bin"/>
    <property name="maven.multiModuleProjectDirectory" value="D:\Study\QA\SeleniumWorkSpace\MyRestAssuredProject"/>
    <property name="java.vm.vendor" value="Oracle Corporation"/>
    <property name="java.vendor.url" value="https://java.oracle.com/"/>
    <property name="guice.disable.misplaced.annotation.check" value="true"/>
    <property name="path.separator" value=";"/>
    <property name="java.vm.name" value="Java HotSpot(TM) 64-Bit Server VM"/>
    <property name="sun.os.patch.level" value=""/>
    <property name="user.script" value=""/>
    <property name="user.country" value="CA"/>
    <property name="sun.java.launcher" value="SUN_STANDARD"/>
    <property name="java.vm.specification.name" value="Java Virtual Machine Specification"/>
    <property name="user.dir" value="D:\Study\QA\SeleniumWorkSpace\MyRestAssuredProject"/>
    <property name="java.vm.compressedOopsMode" value="Zero based"/>
    <property name="java.runtime.version" value="14.0.2+12-46"/>
    <property name="os.arch" value="amd64"/>
    <property name="java.io.tmpdir" value="C:\Users\prayn\AppData\Local\Temp\"/>
    <property name="line.separator" value="&#10;"/>
    <property name="java.vm.specification.vendor" value="Oracle Corporation"/>
    <property name="user.variant" value=""/>
    <property name="os.name" value="Windows 10"/>
    <property name="classworlds.conf" value="D:\Study\Softwares\apache-maven-3.8.7\bin\m2.conf"/>
    <property name="sun.jnu.encoding" value="Cp1252"/>
    <property name="java.library.path" value="C:\Program Files\Java\jdk-14.0.2\bin;C:\Windows\Sun\Java\bin;C:\Windows\system32;C:\Windows;C:\Windows\system32;C:\Windows;C:\Windows\System32\Wbem;C:\Windows\System32\WindowsPowerShell\v1.0\;C:\Windows\System32\OpenSSH\;C:\Program Files\dotnet\;D:\Study\Softwares\apache-ant-1.10.13\bin;C:\Program Files\Java\jdk-14.0.2\bin;D:\Study\Softwares\apache-maven-3.8.7\bin;C:\Users\prayn\AppData\Local\Microsoft\WindowsApps;;."/>
    <property name="maven.conf" value="D:\Study\Softwares\apache-maven-3.8.7/conf"/>
    <property name="jdk.debug" value="release"/>
    <property name="java.class.version" value="58.0"/>
    <property name="java.specification.name" value="Java Platform API Specification"/>
    <property name="sun.management.compiler" value="HotSpot 64-Bit Tiered Compilers"/>
    <property name="os.version" value="10.0"/>
    <property name="library.jansi.path" value="D:\Study\Softwares\apache-maven-3.8.7\lib\jansi-native"/>
    <property name="user.home" value="C:\Users\prayn"/>
    <property name="user.timezone" value="America/Halifax"/>
    <property name="file.encoding" value="Cp1252"/>
    <property name="java.specification.version" value="14"/>
    <property name="user.name" value="prayn"/>
    <property name="java.class.path" value="D:\Study\Softwares\apache-maven-3.8.7\boot\plexus-classworlds-2.6.0.jar"/>
    <property name="java.vm.specification.version" value="14"/>
    <property name="sun.arch.data.model" value="64"/>
    <property name="sun.java.command" value="org.codehaus.plexus.classworlds.launcher.Launcher clean install"/>
    <property name="java.home" value="C:\Program Files\Java\jdk-14.0.2"/>
    <property name="user.language" value="en"/>
    <property name="java.specification.vendor" value="Oracle Corporation"/>
    <property name="java.vm.info" value="mixed mode, sharing"/>
    <property name="java.version" value="14.0.2"/>
    <property name="java.vendor" value="Oracle Corporation"/>
    <property name="sun.stderr.encoding" value="cp437"/>
    <property name="maven.home" value="D:\Study\Softwares\apache-maven-3.8.7"/>
    <property name="file.separator" value="\"/>
    <property name="java.version.date" value="2020-07-14"/>
    <property name="java.vendor.url.bug" value="https://bugreport.java.com/bugreport/"/>
    <property name="sun.io.unicode.encoding" value="UnicodeLittle"/>
    <property name="sun.cpu.endian" value="little"/>
    <property name="sun.stdout.encoding" value="cp437"/>
    <property name="sun.cpu.isalist" value="amd64"/>
  </properties>
  <testcase name="VerifyResponseTime" classname="tests.GetAllProductTest" time="0.009"/>
  <testcase name="VerifyStatusCode" classname="tests.GetAllProductTest" time="0"/>
  <testcase name="VerifyResponseBody" classname="tests.GetSingleProductTest" time="0"/>
  <testcase name="VerifyResponseTime" classname="tests.GetSingleProductTest" time="0"/>
  <testcase name="VerifyStatusCode" classname="tests.GetSingleProductTest" time="0"/>
  <testcase name="verifyResponseTime" classname="tests.SearchProductTest" time="0"/>
  <testcase name="verifyStatusCode" classname="tests.SearchProductTest" time="0"/>
  <testcase name="VerifyResponseBody" classname="tests.AddProductTest" time="0"/>
  <testcase name="VerifyResponseTime" classname="tests.AddProductTest" time="0"/>
  <testcase name="VerifyStatusCode" classname="tests.AddProductTest" time="0"/>
  <testcase name="VerifyResponseBodyValue" classname="tests.AddProductTest" time="0.329"/>
  <testcase name="VerifyResponseTime" classname="tests.UpdateProductTest" time="0"/>
  <testcase name="VerifyStatusCode" classname="tests.UpdateProductTest" time="0"/>
  <testcase name="verifyResponseTime" classname="tests.GetAllProductsCategeriesTest" time="0"/>
  <testcase name="verifystatuscode" classname="tests.GetAllProductsCategeriesTest" time="0"/>
  <testcase name="verifyResponseTime" classname="tests.GetProductOfCategoryTest" time="0"/>
  <testcase name="verifystatusCode" classname="tests.GetProductOfCategoryTest" time="0"/>
  <testcase name="VerifyResponseTime" classname="tests.DeleteProductTest" time="0"/>
  <testcase name="VerifyStatusCode" classname="tests.DeleteProductTest" time="0"/>
  <testcase name="Verifyjsonbody" classname="tests.DeleteProductTest" time="0.015"/>
</testsuite>