<?xml version="1.0" encoding="UTF-8"?>
<!-- Generated by org.testng.reporters.JUnitReportReporter -->
<testsuite hostname="Prayanu" failures="0" tests="2" name="tests.SearchProductTest" time="0.002" errors="0" timestamp="2023-02-28T00:02:52 AST" skipped="0">
  <testcase classname="tests.SearchProductTest" name="verifyStatusCode" time="0.000"/>
  <system-out/>
  <testcase classname="tests.SearchProductTest" name="verifyResponseTime" time="0.002"/>
  <system-out/>
</testsuite> <!-- tests.SearchProductTest -->
