<?xml version="1.0" encoding="UTF-8"?>
<!-- Generated by org.testng.reporters.JUnitReportReporter -->
<testsuite hostname="Prayanu" failures="0" tests="2" name="tests.GetAllProductTest" time="0.003" errors="0" timestamp="2023-02-28T00:02:52 AST" skipped="0">
  <testcase classname="tests.GetAllProductTest" name="VerifyStatusCode" time="0.000"/>
  <system-out/>
  <testcase classname="tests.GetAllProductTest" name="VerifyResponseTime" time="0.003"/>
  <system-out/>
</testsuite> <!-- tests.GetAllProductTest -->
