<?xml version="1.0" encoding="UTF-8"?>
<!-- Generated by org.testng.reporters.JUnitReportReporter -->
<testsuite hostname="Prayanu" failures="0" tests="3" name="tests.DeleteProductTest" time="0.017" errors="0" timestamp="2023-02-28T00:02:52 AST" skipped="0">
  <testcase classname="tests.DeleteProductTest" name="VerifyResponseTime" time="0.002"/>
  <system-out/>
  <testcase classname="tests.DeleteProductTest" name="VerifyStatusCode" time="0.001"/>
  <system-out/>
  <testcase classname="tests.DeleteProductTest" name="Verifyjsonbody" time="0.014"/>
  <system-out/>
</testsuite> <!-- tests.DeleteProductTest -->
