<?xml version="1.0" encoding="UTF-8"?>
<!-- Generated by org.testng.reporters.JUnitReportReporter -->
<testsuite hostname="Prayanu" failures="0" tests="4" name="tests.AddProductTest" time="0.271" errors="0" timestamp="2023-02-28T00:02:52 AST" skipped="0">
  <testcase classname="tests.AddProductTest" name="VerifyStatusCode" time="0.001"/>
  <system-out/>
  <testcase classname="tests.AddProductTest" name="VerifyResponseBody" time="0.002"/>
  <system-out/>
  <testcase classname="tests.AddProductTest" name="VerifyResponseBodyValue" time="0.267"/>
  <system-out/>
  <testcase classname="tests.AddProductTest" name="VerifyResponseTime" time="0.001"/>
  <system-out/>
</testsuite> <!-- tests.AddProductTest -->
