<?xml version="1.0" encoding="UTF-8"?>
<!-- Generated by org.testng.reporters.JUnitReportReporter -->
<testsuite hostname="Prayanu" failures="0" tests="3" name="tests.DeleteProductTest" time="0.015" errors="0" timestamp="2023-02-28T00:18:03 AST" skipped="0">
  <testcase classname="tests.DeleteProductTest" name="VerifyResponseTime" time="0.000"/>
  <system-out/>
  <testcase classname="tests.DeleteProductTest" name="Verifyjsonbody" time="0.015"/>
  <system-out/>
  <testcase classname="tests.DeleteProductTest" name="VerifyStatusCode" time="0.000"/>
  <system-out/>
</testsuite> <!-- tests.DeleteProductTest -->
