<?xml version="1.0" encoding="UTF-8"?>
<!-- Generated by org.testng.reporters.JUnitReportReporter -->
<testsuite hostname="Prayanu" failures="0" tests="4" name="tests.AddProductTest" time="0.329" errors="0" timestamp="2023-02-28T00:18:03 AST" skipped="0">
  <testcase classname="tests.AddProductTest" name="VerifyStatusCode" time="0.000"/>
  <system-out/>
  <testcase classname="tests.AddProductTest" name="VerifyResponseBody" time="0.000"/>
  <system-out/>
  <testcase classname="tests.AddProductTest" name="VerifyResponseBodyValue" time="0.329"/>
  <system-out/>
  <testcase classname="tests.AddProductTest" name="VerifyResponseTime" time="0.000"/>
  <system-out/>
</testsuite> <!-- tests.AddProductTest -->
