<?xml version="1.0" encoding="UTF-8"?>
<!-- Generated by org.testng.reporters.JUnitReportReporter -->
<testsuite hostname="Prayanu" failures="0" tests="3" name="tests.GetSingleProductTest" time="0.000" errors="0" timestamp="2023-02-28T00:18:03 AST" skipped="0">
  <testcase classname="tests.GetSingleProductTest" name="VerifyResponseTime" time="0.000"/>
  <system-out/>
  <testcase classname="tests.GetSingleProductTest" name="VerifyResponseBody" time="0.000"/>
  <system-out/>
  <testcase classname="tests.GetSingleProductTest" name="VerifyStatusCode" time="0.000"/>
  <system-out/>
</testsuite> <!-- tests.GetSingleProductTest -->
