<?xml version="1.0" encoding="UTF-8"?>
<!-- Generated by org.testng.reporters.JUnitReportReporter -->
<testsuite hostname="Prayanu" failures="0" tests="2" name="tests.GetAllProductsCategeriesTest" time="0.000" errors="0" timestamp="2023-02-28T00:18:03 AST" skipped="0">
  <testcase classname="tests.GetAllProductsCategeriesTest" name="verifyResponseTime" time="0.000"/>
  <system-out/>
  <testcase classname="tests.GetAllProductsCategeriesTest" name="verifystatuscode" time="0.000"/>
  <system-out/>
</testsuite> <!-- tests.GetAllProductsCategeriesTest -->
